<?xml version="1.0" encoding="UTF-8"?>
<!-- Generated by org.testng.reporters.JUnitReportReporter -->
<testsuite hostname="SLB-F2NLRF2" failures="0" tests="1" name="testpackages.TC005_GET_JsonReponse" time="1.273" errors="0" timestamp="2020-06-09T20:11:10 IST" skipped="0">
  <testcase classname="testpackages.TC005_GET_JsonReponse" name="getJsonResponseBody" time="1.273"/>
  <system-out/>
</testsuite> <!-- testpackages.TC005_GET_JsonReponse -->
