<?xml version="1.0" encoding="UTF-8"?>
<!-- Generated by org.testng.reporters.JUnitReportReporter -->
<testsuite hostname="SLB-F2NLRF2" failures="0" tests="6" name="restapi_datadriven.DataProvider_TC002_POST_AddNewEmployee" time="8.321" errors="0" timestamp="2020-06-11T19:31:56 IST" skipped="0">
  <testcase classname="restapi_datadriven.DataProvider_TC002_POST_AddNewEmployee" name="createNewEmployee" time="1.125"/>
  <system-out/>
  <testcase classname="restapi_datadriven.DataProvider_TC002_POST_AddNewEmployee" name="createNewEmployee" time="0.978"/>
  <system-out/>
  <testcase classname="restapi_datadriven.DataProvider_TC002_POST_AddNewEmployee" name="createNewEmployee" time="1.250"/>
  <system-out/>
  <testcase classname="restapi_datadriven.DataProvider_TC002_POST_AddNewEmployee" name="createNewEmployee" time="0.968"/>
  <system-out/>
  <testcase classname="restapi_datadriven.DataProvider_TC002_POST_AddNewEmployee" name="createNewEmployee" time="2.882"/>
  <system-out/>
  <testcase classname="restapi_datadriven.DataProvider_TC002_POST_AddNewEmployee" name="createNewEmployee" time="1.118"/>
  <system-out/>
</testsuite> <!-- restapi_datadriven.DataProvider_TC002_POST_AddNewEmployee -->
