<?xml version="1.0" encoding="UTF-8"?>
<!-- Generated by org.testng.reporters.JUnitReportReporter -->
<testsuite hostname="SLB-F2NLRF2" failures="0" tests="1" name="testpackages.TC001_GET_request" time="2.351" errors="0" timestamp="2020-06-09T20:11:10 IST" skipped="0">
  <testcase classname="testpackages.TC001_GET_request" name="getWeatherDetails" time="2.351"/>
  <system-out/>
</testsuite> <!-- testpackages.TC001_GET_request -->
