<?xml version="1.0" encoding="UTF-8"?>
<!-- Generated by org.testng.reporters.JUnitReportReporter -->
<testsuite hostname="SLB-F2NLRF2" failures="0" tests="1" name="testpackages.TC006_GET_request_ExtractValuesOfEachValuesInNodes" time="2.952" errors="0" timestamp="2020-06-10T09:37:08 IST" skipped="0">
  <testcase classname="testpackages.TC006_GET_request_ExtractValuesOfEachValuesInNodes" name="getWeatherDetailByNodes" time="2.952"/>
  <system-out/>
</testsuite> <!-- testpackages.TC006_GET_request_ExtractValuesOfEachValuesInNodes -->
