<?xml version="1.0" encoding="UTF-8"?>
<!-- Generated by org.testng.reporters.JUnitReportReporter -->
<testsuite hostname="SLB-F2NLRF2" failures="0" tests="1" name="testpackages.TC007_GET_resquest_BasicAuthentication" time="2.583" errors="0" timestamp="2020-06-10T10:38:39 IST" skipped="0">
  <testcase classname="testpackages.TC007_GET_resquest_BasicAuthentication" name="validationForBasicAuthentication" time="2.583"/>
  <system-out/>
</testsuite> <!-- testpackages.TC007_GET_resquest_BasicAuthentication -->
