<?xml version="1.0" encoding="UTF-8"?>
<!-- Generated by org.testng.reporters.JUnitReportReporter -->
<testsuite hostname="SLB-F2NLRF2" failures="0" tests="1" name="testpackages.TC_004_GET_request_AllHeaders" time="5.498" errors="0" timestamp="2020-06-09T15:23:47 IST" skipped="0">
  <testcase classname="testpackages.TC_004_GET_request_AllHeaders" name="getUsersHeaderDetails" time="5.498"/>
  <system-out/>
</testsuite> <!-- testpackages.TC_004_GET_request_AllHeaders -->
