<?xml version="1.0" encoding="UTF-8"?>
<!-- Generated by org.testng.reporters.JUnitReportReporter -->
<testsuite hostname="SLB-F2NLRF2" failures="0" tests="1" name="testpackages.TC004_GET_request_AllHeaders" time="3.992" errors="0" timestamp="2020-06-09T20:11:10 IST" skipped="0">
  <testcase classname="testpackages.TC004_GET_request_AllHeaders" name="getUsersHeaderDetails" time="3.992"/>
  <system-out/>
</testsuite> <!-- testpackages.TC004_GET_request_AllHeaders -->
